<?xml version="1.0" encoding="UTF-8"?>
<!-- Generated by org.testng.reporters.JUnitXMLReporter -->
<testsuite ignored="1" hostname="DESKTOP-JCJ8HOK" failures="0" tests="4" name="AutomationTest" time="20.878" errors="0" timestamp="2024-04-18T09:07:31 IST">
  <testcase classname="testng.TNG_001" name="f" time="0.011"/>
  <testcase classname="testng.TNG_001" name="a" time="0.003"/>
  <testcase classname="testng.TNG_002" name="amazon" time="5.947"/>
  <testcase classname="testng.NewTest" name="f" time="0.001"/>
  <testcase classname="testng.TNG_001" name="z" time="0.0">
    <ignored/>
  </testcase> <!-- z -->
</testsuite> <!-- AutomationTest -->
