<?xml version="1.0" encoding="UTF-8"?>
<!-- Generated by org.testng.reporters.JUnitXMLReporter -->
<testsuite ignored="0" hostname="DESKTOP-JCJ8HOK" failures="0" tests="4" name="chrometest" time="34.282" errors="0" timestamp="2024-04-18T09:32:39 IST">
  <testcase classname="testng.CheckBox1" name="checkboxTest" time="0.404"/>
  <testcase classname="testng.LinksTesting1" name="linktesting1" time="1.459"/>
  <testcase classname="testng.TNG_002" name="amazon" time="5.379"/>
  <testcase classname="testng.RadioButton1" name="radioButtonTest" time="0.252"/>
</testsuite> <!-- chrometest -->
