<?xml version="1.0" encoding="UTF-8"?>
<!-- Generated by org.testng.reporters.JUnitXMLReporter -->
<testsuite ignored="0" hostname="DESKTOP-JCJ8HOK" failures="0" tests="4" name="firefoxtest" time="87.242" errors="0" timestamp="2024-04-18T09:32:05 IST">
  <testcase classname="testng.CheckBox1" name="checkboxTest" time="0.629"/>
  <testcase classname="testng.LinksTesting1" name="linktesting1" time="1.901"/>
  <testcase classname="testng.TNG_002" name="amazon" time="5.046"/>
  <testcase classname="testng.RadioButton1" name="radioButtonTest" time="0.458"/>
</testsuite> <!-- firefoxtest -->
