<?xml version="1.0" encoding="UTF-8"?>
<testng-results ignored="0" total="1" passed="1" failed="0" skipped="0">
  <reporter-output>
  </reporter-output>
  <suite started-at="2024-05-24T09:16:31 IST" name="Suite" finished-at="2024-05-24T09:16:47 IST" duration-ms="15659">
    <groups>
    </groups>
    <test started-at="2024-05-24T09:16:31 IST" name="Test" finished-at="2024-05-24T09:16:47 IST" duration-ms="15659">
      <class name="pageobjectmodel.POM_001">
        <test-method is-config="true" signature="beforeMethod(java.lang.String)[pri:0, instance:pageobjectmodel.POM_001@6e9175d8]" started-at="2024-05-24T09:16:31 IST" name="beforeMethod" finished-at="2024-05-24T09:16:46 IST" duration-ms="14358" status="PASS">
          <params>
            <param index="0">
              <value>
                <![CDATA[firefox]]>
              </value>
            </param>
          </params>
          <reporter-output>
          </reporter-output>
        </test-method> <!-- beforeMethod -->
        <test-method signature="f()[pri:0, instance:pageobjectmodel.POM_001@6e9175d8]" started-at="2024-05-24T09:16:46 IST" name="f" finished-at="2024-05-24T09:16:47 IST" duration-ms="1178" status="PASS">
          <reporter-output>
          </reporter-output>
        </test-method> <!-- f -->
        <test-method is-config="true" signature="afterMethod()[pri:0, instance:pageobjectmodel.POM_001@6e9175d8]" started-at="2024-05-24T09:16:47 IST" name="afterMethod" finished-at="2024-05-24T09:16:47 IST" duration-ms="1" status="PASS">
          <reporter-output>
          </reporter-output>
        </test-method> <!-- afterMethod -->
      </class> <!-- pageobjectmodel.POM_001 -->
    </test> <!-- Test -->
  </suite> <!-- Suite -->
</testng-results>
