<?xml version="1.0" encoding="UTF-8"?>
<!-- Generated by org.testng.reporters.JUnitXMLReporter -->
<testsuite ignored="2" hostname="DESKTOP-JCJ8HOK" failures="0" tests="2" name="Test" time="22.602" errors="0" timestamp="2024-04-20T09:02:28 IST">
  <testcase classname="testng.CheckBox1" name="checkboxTest" time="0.943"/>
  <testcase classname="testng.RadioButton1" name="radioButtonTest" time="0.752"/>
  <testcase classname="testng.LinksTesting1" name="linktesting1" time="0.0">
    <ignored/>
  </testcase> <!-- linktesting1 -->
  <testcase classname="testng.TNG_002" name="amazon" time="0.0">
    <ignored/>
  </testcase> <!-- amazon -->
</testsuite> <!-- Test -->
