<?xml version="1.0" encoding="UTF-8"?>
<!-- Generated by org.testng.reporters.JUnitXMLReporter -->
<testsuite ignored="0" hostname="DESKTOP-JCJ8HOK" failures="0" tests="4" name="Default test" time="0.181" errors="0" timestamp="2024-04-20T09:23:00 IST">
  <testcase classname="testng.TestDependency" name="orange" time="0.023"/>
  <testcase classname="testng.TestDependency" name="white" time="0.002"/>
  <testcase classname="testng.TestDependency" name="blue" time="0.004">
    <skipped/>
  </testcase> <!-- blue -->
  <testcase classname="testng.TestDependency" name="green" time="0.0">
    <skipped/>
  </testcase> <!-- green -->
</testsuite> <!-- Default test -->
