<?xml version="1.0" encoding="UTF-8"?>
<!-- Generated by org.testng.reporters.JUnitXMLReporter -->
<testsuite ignored="0" hostname="DESKTOP-JCJ8HOK" failures="0" tests="9" name="Default test" time="0.273" errors="0" timestamp="2024-04-26T09:17:22 IST">
  <testcase classname="testng.TestUser" name="createUser" time="0.018"/>
  <testcase classname="testng.TestUser" name="createUser" time="0.01"/>
  <testcase classname="testng.TestUser" name="createUser" time="0.002"/>
  <testcase classname="testng.TestUser" name="deleteUser" time="0.01"/>
  <testcase classname="testng.TestUser" name="deleteUser" time="0.009"/>
  <testcase classname="testng.TestUser" name="deleteUser" time="0.017"/>
  <testcase classname="testng.TestUser" name="updateUser" time="0.003"/>
  <testcase classname="testng.TestUser" name="updateUser" time="0.012"/>
  <testcase classname="testng.TestUser" name="updateUser" time="0.005"/>
</testsuite> <!-- Default test -->
