<?xml version="1.0" encoding="UTF-8"?>
<!-- Generated by org.testng.reporters.JUnitXMLReporter -->
<testsuite ignored="2" hostname="DESKTOP-JCJ8HOK" failures="0" tests="5" name="Create New Booking Test pay@hotel" time="0.176" errors="0" timestamp="2024-04-27T09:11:43 IST">
  <testcase classname="testcases.Booking" name="newBooking" time="0.021"/>
  <testcase classname="testcases.PaymentManagement" name="applyDiscount" time="0.006"/>
  <testcase classname="testcases.PaymentManagement" name="makePayment" time="0.005"/>
  <testcase classname="testcases.CustomerCommunication" name="checkEmailVerification" time="0.005"/>
  <testcase classname="testcases.CustomerCommunication" name="checkMobileVerification" time="0.007"/>
  <testcase classname="testcases.Booking" name="modifyBooking" time="0.0">
    <ignored/>
  </testcase> <!-- modifyBooking -->
  <testcase classname="testcases.Booking" name="cancelBooking" time="0.0">
    <ignored/>
  </testcase> <!-- cancelBooking -->
</testsuite> <!-- Create New Booking Test pay@hotel -->
