<?xml version="1.0" encoding="UTF-8"?>
<testng-results ignored="4" total="14" passed="10" failed="0" skipped="0">
  <reporter-output>
  </reporter-output>
  <suite started-at="2024-04-27T09:26:02 IST" name="Suite" finished-at="2024-04-27T09:26:02 IST" duration-ms="425">
    <groups>
    </groups>
    <test started-at="2024-04-27T09:26:02 IST" name="Create New Booking Test pay@online" finished-at="2024-04-27T09:26:02 IST" duration-ms="145">
      <class name="testcases.CustomerCommunication">
        <test-method signature="checkEmailVerification(org.testng.ITestContext)[pri:0, instance:testcases.CustomerCommunication@37654521]" started-at="2024-04-27T09:26:02 IST" name="checkEmailVerification" finished-at="2024-04-27T09:26:02 IST" duration-ms="5" status="PASS">
          <params>
            <param index="0">
              <value>
                <![CDATA[org.testng.TestRunner@6fa51cd4]]>
              </value>
            </param>
          </params>
          <reporter-output>
          </reporter-output>
        </test-method> <!-- checkEmailVerification -->
        <test-method signature="checkMobileVerification(org.testng.ITestContext)[pri:0, instance:testcases.CustomerCommunication@37654521]" started-at="2024-04-27T09:26:02 IST" name="checkMobileVerification" finished-at="2024-04-27T09:26:02 IST" duration-ms="3" status="PASS">
          <params>
            <param index="0">
              <value>
                <![CDATA[org.testng.TestRunner@6fa51cd4]]>
              </value>
            </param>
          </params>
          <reporter-output>
          </reporter-output>
        </test-method> <!-- checkMobileVerification -->
      </class> <!-- testcases.CustomerCommunication -->
      <class name="testcases.Booking">
        <test-method signature="newBooking()[pri:0, instance:testcases.Booking@693fe6c9]" started-at="2024-04-27T09:26:02 IST" name="newBooking" finished-at="2024-04-27T09:26:02 IST" duration-ms="20" status="PASS">
          <reporter-output>
          </reporter-output>
        </test-method> <!-- newBooking -->
      </class> <!-- testcases.Booking -->
      <class name="testcases.PaymentManagement">
        <test-method signature="applyDiscount()[pri:0, instance:testcases.PaymentManagement@2df9b86]" started-at="2024-04-27T09:26:02 IST" name="applyDiscount" finished-at="2024-04-27T09:26:02 IST" duration-ms="5" status="PASS">
          <reporter-output>
          </reporter-output>
        </test-method> <!-- applyDiscount -->
        <test-method signature="makePayment(java.lang.String,org.testng.ITestContext)[pri:0, instance:testcases.PaymentManagement@2df9b86]" started-at="2024-04-27T09:26:02 IST" name="makePayment" finished-at="2024-04-27T09:26:02 IST" duration-ms="5" status="PASS">
          <params>
            <param index="0">
              <value>
                <![CDATA[pay@online]]>
              </value>
            </param>
            <param index="1">
              <value>
                <![CDATA[org.testng.TestRunner@6fa51cd4]]>
              </value>
            </param>
          </params>
          <reporter-output>
          </reporter-output>
        </test-method> <!-- makePayment -->
      </class> <!-- testcases.PaymentManagement -->
    </test> <!-- Create New Booking Test pay@online -->
    <test started-at="2024-04-27T09:26:02 IST" name="Create New Booking Test pay@offline" finished-at="2024-04-27T09:26:02 IST" duration-ms="65">
      <class name="testcases.CustomerCommunication">
        <test-method signature="checkEmailVerification(org.testng.ITestContext)[pri:0, instance:testcases.CustomerCommunication@25fb8912]" started-at="2024-04-27T09:26:02 IST" name="checkEmailVerification" finished-at="2024-04-27T09:26:02 IST" duration-ms="8" status="PASS">
          <params>
            <param index="0">
              <value>
                <![CDATA[org.testng.TestRunner@5340477f]]>
              </value>
            </param>
          </params>
          <reporter-output>
          </reporter-output>
        </test-method> <!-- checkEmailVerification -->
        <test-method signature="checkMobileVerification(org.testng.ITestContext)[pri:0, instance:testcases.CustomerCommunication@25fb8912]" started-at="2024-04-27T09:26:02 IST" name="checkMobileVerification" finished-at="2024-04-27T09:26:02 IST" duration-ms="2" status="PASS">
          <params>
            <param index="0">
              <value>
                <![CDATA[org.testng.TestRunner@5340477f]]>
              </value>
            </param>
          </params>
          <reporter-output>
          </reporter-output>
        </test-method> <!-- checkMobileVerification -->
      </class> <!-- testcases.CustomerCommunication -->
      <class name="testcases.Booking">
        <test-method signature="newBooking()[pri:0, instance:testcases.Booking@4fb3ee4e]" started-at="2024-04-27T09:26:02 IST" name="newBooking" finished-at="2024-04-27T09:26:02 IST" duration-ms="4" status="PASS">
          <reporter-output>
          </reporter-output>
        </test-method> <!-- newBooking -->
      </class> <!-- testcases.Booking -->
      <class name="testcases.PaymentManagement">
        <test-method signature="applyDiscount()[pri:0, instance:testcases.PaymentManagement@5d7148e2]" started-at="2024-04-27T09:26:02 IST" name="applyDiscount" finished-at="2024-04-27T09:26:02 IST" duration-ms="1" status="PASS">
          <reporter-output>
          </reporter-output>
        </test-method> <!-- applyDiscount -->
        <test-method signature="makePayment(java.lang.String,org.testng.ITestContext)[pri:0, instance:testcases.PaymentManagement@5d7148e2]" started-at="2024-04-27T09:26:02 IST" name="makePayment" finished-at="2024-04-27T09:26:02 IST" duration-ms="2" status="PASS">
          <params>
            <param index="0">
              <value>
                <![CDATA[pay@offline]]>
              </value>
            </param>
            <param index="1">
              <value>
                <![CDATA[org.testng.TestRunner@5340477f]]>
              </value>
            </param>
          </params>
          <reporter-output>
          </reporter-output>
        </test-method> <!-- makePayment -->
      </class> <!-- testcases.PaymentManagement -->
    </test> <!-- Create New Booking Test pay@offline -->
  </suite> <!-- Suite -->
</testng-results>
